2023.09.23 14:22:19 INFO  Started: Metals version 1.0.1 in folders '/Users/jkpancho/Downloads/jkpancho-homework-09222023' for client Visual Studio Code 1.81.1.
Sep 23, 2023 2:22:19 PM org.flywaydb.core.internal.license.VersionPrinter printVersionOnly
INFO: Flyway Community Edition 9.21.2 by Redgate
Sep 23, 2023 2:22:19 PM org.flywaydb.core.internal.license.VersionPrinter printVersion
INFO: See release notes here: https://rd.gt/416ObMi
Sep 23, 2023 2:22:19 PM org.flywaydb.core.internal.license.VersionPrinter printVersion
INFO: 
Sep 23, 2023 2:22:20 PM org.flywaydb.core.FlywayExecutor execute
INFO: Database: jdbc:h2:file:/Users/jkpancho/Downloads/jkpancho-homework-09222023/.metals/metals (H2 2.1)
Sep 23, 2023 2:22:20 PM org.flywaydb.core.internal.schemahistory.JdbcTableSchemaHistory allAppliedMigrations
INFO: Schema history table "PUBLIC"."flyway_schema_history" does not exist yet
Sep 23, 2023 2:22:20 PM org.flywaydb.core.internal.command.DbValidate validate
INFO: Successfully validated 4 migrations (execution time 00:00.046s)
Sep 23, 2023 2:22:20 PM org.flywaydb.core.internal.schemahistory.JdbcTableSchemaHistory create
INFO: Creating Schema History table "PUBLIC"."flyway_schema_history" ...
Sep 23, 2023 2:22:20 PM org.flywaydb.core.internal.command.DbMigrate migrateGroup
INFO: Current version of schema "PUBLIC": << Empty Schema >>
Sep 23, 2023 2:22:20 PM org.flywaydb.core.internal.command.DbMigrate doMigrateGroup
INFO: Migrating schema "PUBLIC" to version "1 - Create tables"
Sep 23, 2023 2:22:20 PM org.flywaydb.core.internal.command.DbMigrate doMigrateGroup
INFO: Migrating schema "PUBLIC" to version "2 - Server discovery"
Sep 23, 2023 2:22:20 PM org.flywaydb.core.internal.command.DbMigrate doMigrateGroup
INFO: Migrating schema "PUBLIC" to version "3 - Jar symbols"
Sep 23, 2023 2:22:20 PM org.flywaydb.core.internal.command.DbMigrate doMigrateGroup
INFO: Migrating schema "PUBLIC" to version "4 - Fingerprints"
Sep 23, 2023 2:22:20 PM org.flywaydb.core.internal.command.DbMigrate logSummary
INFO: Successfully applied 4 migrations to schema "PUBLIC", now at version v4 (execution time 00:00.068s)
2023.09.23 14:22:20 INFO  time: initialize in 1.6s
2023.09.23 14:22:21 WARN  Build server is not auto-connectable.
2023.09.23 14:23:15 WARN  no build target for: /Users/jkpancho/Downloads/jkpancho-homework-09222023/project/plugins.sbt
2023.09.23 14:23:34 INFO  no build target found for /Users/jkpancho/Downloads/jkpancho-homework-09222023/project/plugins.sbt. Using presentation compiler with project's scala-library version: 3.3.0
Sep 23, 2023 2:23:35 PM org.eclipse.lsp4j.jsonrpc.RemoteEndpoint handleCancellation
WARNING: Unmatched cancel notification for request id 5
Sep 23, 2023 2:23:35 PM org.eclipse.lsp4j.jsonrpc.RemoteEndpoint handleCancellation
WARNING: Unmatched cancel notification for request id 10
Sep 23, 2023 2:23:35 PM org.eclipse.lsp4j.jsonrpc.RemoteEndpoint handleCancellation
WARNING: Unmatched cancel notification for request id 8
Sep 23, 2023 2:23:35 PM org.eclipse.lsp4j.jsonrpc.RemoteEndpoint handleCancellation
WARNING: Unmatched cancel notification for request id 9
Sep 23, 2023 2:23:35 PM org.eclipse.lsp4j.jsonrpc.RemoteEndpoint handleCancellation
WARNING: Unmatched cancel notification for request id 13
Sep 23, 2023 2:23:35 PM org.eclipse.lsp4j.jsonrpc.RemoteEndpoint handleCancellation
WARNING: Unmatched cancel notification for request id 12
Sep 23, 2023 2:23:35 PM org.eclipse.lsp4j.jsonrpc.RemoteEndpoint handleCancellation
WARNING: Unmatched cancel notification for request id 17
Sep 23, 2023 2:23:35 PM org.eclipse.lsp4j.jsonrpc.RemoteEndpoint handleCancellation
WARNING: Unmatched cancel notification for request id 15
Sep 23, 2023 2:23:35 PM org.eclipse.lsp4j.jsonrpc.RemoteEndpoint handleCancellation
WARNING: Unmatched cancel notification for request id 16
Sep 23, 2023 2:23:35 PM org.eclipse.lsp4j.jsonrpc.RemoteEndpoint handleCancellation
WARNING: Unmatched cancel notification for request id 19
Sep 23, 2023 2:23:35 PM org.eclipse.lsp4j.jsonrpc.RemoteEndpoint handleCancellation
WARNING: Unmatched cancel notification for request id 20
Sep 23, 2023 2:23:35 PM org.eclipse.lsp4j.jsonrpc.RemoteEndpoint handleCancellation
WARNING: Unmatched cancel notification for request id 21
Sep 23, 2023 2:23:35 PM org.eclipse.lsp4j.jsonrpc.RemoteEndpoint handleCancellation
WARNING: Unmatched cancel notification for request id 23
Sep 23, 2023 2:23:35 PM org.eclipse.lsp4j.jsonrpc.RemoteEndpoint handleCancellation
WARNING: Unmatched cancel notification for request id 26
Sep 23, 2023 2:23:35 PM org.eclipse.lsp4j.jsonrpc.RemoteEndpoint handleCancellation
WARNING: Unmatched cancel notification for request id 24
Sep 23, 2023 2:23:35 PM org.eclipse.lsp4j.jsonrpc.RemoteEndpoint handleCancellation
WARNING: Unmatched cancel notification for request id 25
Sep 23, 2023 2:23:35 PM org.eclipse.lsp4j.jsonrpc.RemoteEndpoint handleCancellation
WARNING: Unmatched cancel notification for request id 28
Sep 23, 2023 2:23:35 PM org.eclipse.lsp4j.jsonrpc.RemoteEndpoint handleCancellation
WARNING: Unmatched cancel notification for request id 29
Sep 23, 2023 2:23:35 PM org.eclipse.lsp4j.jsonrpc.RemoteEndpoint handleCancellation
WARNING: Unmatched cancel notification for request id 32
Sep 23, 2023 2:23:35 PM org.eclipse.lsp4j.jsonrpc.RemoteEndpoint handleCancellation
WARNING: Unmatched cancel notification for request id 33
Sep 23, 2023 2:23:35 PM org.eclipse.lsp4j.jsonrpc.RemoteEndpoint handleCancellation
WARNING: Unmatched cancel notification for request id 34
Sep 23, 2023 2:23:35 PM org.eclipse.lsp4j.jsonrpc.RemoteEndpoint handleCancellation
WARNING: Unmatched cancel notification for request id 35
Sep 23, 2023 2:23:35 PM org.eclipse.lsp4j.jsonrpc.RemoteEndpoint handleCancellation
WARNING: Unmatched cancel notification for request id 37
Sep 23, 2023 2:23:36 PM org.eclipse.lsp4j.jsonrpc.RemoteEndpoint handleCancellation
WARNING: Unmatched cancel notification for request id 39
Sep 23, 2023 2:23:36 PM org.eclipse.lsp4j.jsonrpc.RemoteEndpoint handleCancellation
WARNING: Unmatched cancel notification for request id 43
Sep 23, 2023 2:23:36 PM org.eclipse.lsp4j.jsonrpc.RemoteEndpoint handleCancellation
WARNING: Unmatched cancel notification for request id 44
Sep 23, 2023 2:23:36 PM org.eclipse.lsp4j.jsonrpc.RemoteEndpoint handleCancellation
WARNING: Unmatched cancel notification for request id 45
Sep 23, 2023 2:23:36 PM org.eclipse.lsp4j.jsonrpc.RemoteEndpoint handleCancellation
WARNING: Unmatched cancel notification for request id 40
2023.09.23 14:23:41 WARN  Could not find semantic tokens for: file:///Users/jkpancho/Downloads/jkpancho-homework-09222023/project/plugins.sbt
2023.09.23 14:23:41 INFO  time: code lens generation in 5.65s
2023.09.23 14:23:41 INFO  time: code lens generation in 5.57s
2023.09.23 14:23:41 INFO  time: code lens generation in 5.37s
2023.09.23 14:23:41 INFO  time: code lens generation in 5.54s
2023.09.23 14:23:41 INFO  time: code lens generation in 5.53s
2023.09.23 14:23:41 INFO  time: code lens generation in 5.77s
2023.09.23 14:23:41 INFO  time: code lens generation in 5.61s
2023.09.23 14:23:41 INFO  time: code lens generation in 5.3s
2023.09.23 14:23:41 INFO  time: code lens generation in 5.96s
2023.09.23 14:23:41 INFO  time: code lens generation in 5.94s
2023.09.23 14:23:41 WARN  Could not find semantic tokens for: file:///Users/jkpancho/Downloads/jkpancho-homework-09222023/project/plugins.sbt
2023.09.23 14:23:44 WARN  Could not find semantic tokens for: file:///Users/jkpancho/Downloads/jkpancho-homework-09222023/project/plugins.sbt
2023.09.23 14:23:46 WARN  Could not find semantic tokens for: file:///Users/jkpancho/Downloads/jkpancho-homework-09222023/project/plugins.sbt
2023.09.23 14:23:46 WARN  Could not find semantic tokens for: file:///Users/jkpancho/Downloads/jkpancho-homework-09222023/project/plugins.sbt
2023.09.23 14:23:46 WARN  Could not find semantic tokens for: file:///Users/jkpancho/Downloads/jkpancho-homework-09222023/project/plugins.sbt
2023.09.23 14:23:47 WARN  Could not find semantic tokens for: file:///Users/jkpancho/Downloads/jkpancho-homework-09222023/project/plugins.sbt
2023.09.23 14:23:48 WARN  Could not find semantic tokens for: file:///Users/jkpancho/Downloads/jkpancho-homework-09222023/project/plugins.sbt
2023.09.23 14:23:50 WARN  Could not find semantic tokens for: file:///Users/jkpancho/Downloads/jkpancho-homework-09222023/project/plugins.sbt
2023.09.23 14:23:50 WARN  Could not find semantic tokens for: file:///Users/jkpancho/Downloads/jkpancho-homework-09222023/project/plugins.sbt
2023.09.23 14:23:51 WARN  Could not find semantic tokens for: file:///Users/jkpancho/Downloads/jkpancho-homework-09222023/project/plugins.sbt
2023.09.23 14:23:54 WARN  Could not find semantic tokens for: file:///Users/jkpancho/Downloads/jkpancho-homework-09222023/project/plugins.sbt
2023.09.23 14:23:55 WARN  no build target for: /Users/jkpancho/Downloads/jkpancho-homework-09222023/project/plugins.sbt
2023.09.23 14:23:55 WARN  Could not find semantic tokens for: file:///Users/jkpancho/Downloads/jkpancho-homework-09222023/project/plugins.sbt
2023.09.23 14:23:55 WARN  Could not find semantic tokens for: file:///Users/jkpancho/Downloads/jkpancho-homework-09222023/project/plugins.sbt
2023.09.23 14:24:04 WARN  no build target for: /Users/jkpancho/Downloads/jkpancho-homework-09222023/build.sc
2023.09.23 14:24:06 INFO  time: code lens generation in 1.86s
2023.09.23 14:24:32 WARN  no build target for: /Users/jkpancho/Downloads/jkpancho-homework-09222023/build.sc
2023.09.23 14:24:47 WARN  no build target for: /Users/jkpancho/Downloads/jkpancho-homework-09222023/build.sbt
2023.09.23 14:24:55 WARN  no build target for: /Users/jkpancho/Downloads/jkpancho-homework-09222023/build.sbt
2023.09.23 14:25:20 ERROR Unexpected error initializing server: 
scala.concurrent.Future$$anon$2: Future.filter predicate is not satisfied

2023.09.23 14:25:22 INFO  running '/opt/local/sdkman/candidates/java/current/bin/java -Djline.terminal=jline.UnsupportedTerminal -Dsbt.log.noformat=true -Dfile.encoding=UTF-8 -jar /var/folders/d0/w29x5ycn18n_8fkpdh2rbjjr0000gp/T/metals2186270407822317955/sbt-launch.jar -Dbloop.export-jar-classifiers=sources bloopInstall'
2023.09.23 14:25:23 WARN  no build target for: /Users/jkpancho/Downloads/jkpancho-homework-09222023/project/metals.sbt
2023.09.23 14:25:23 WARN  no build target for: /Users/jkpancho/Downloads/jkpancho-homework-09222023/project/project/metals.sbt
2023.09.23 14:25:23 INFO  skipping build import with status 'Started'
2023.09.23 14:25:27 INFO  [info] welcome to sbt 1.7.2 (Amazon.com Inc. Java 1.8.0_382)
2023.09.23 14:25:35 INFO  [info] loading settings for project jkpancho-homework-09222023-build-build-build from metals.sbt ...
2023.09.23 14:25:37 INFO  [info] loading project definition from /Users/jkpancho/Downloads/jkpancho-homework-09222023/project/project/project
2023.09.23 14:25:43 INFO  [info] loading settings for project jkpancho-homework-09222023-build-build from metals.sbt ...
2023.09.23 14:25:43 INFO  [info] loading project definition from /Users/jkpancho/Downloads/jkpancho-homework-09222023/project/project
2023.09.23 14:25:48 INFO  [success] Generated .bloop/jkpancho-homework-09222023-build-build.json
2023.09.23 14:25:48 INFO  [success] Total time: 5 s, completed 09 23, 23 2:25:48 PM
2023.09.23 14:25:51 INFO  [info] loading settings for project jkpancho-homework-09222023-build from metals.sbt,plugins.sbt ...
2023.09.23 14:25:51 INFO  [info] loading project definition from /Users/jkpancho/Downloads/jkpancho-homework-09222023/project
2023.09.23 14:25:57 INFO  [success] Generated .bloop/jkpancho-homework-09222023-build.json
2023.09.23 14:25:57 INFO  [success] Total time: 6 s, completed 09 23, 23 2:25:57 PM
2023.09.23 14:26:07 INFO  [info] loading settings for project root from build.sbt ...
2023.09.23 14:26:07 INFO  [info]   __              __
2023.09.23 14:26:07 INFO  [info]   \ \     ____   / /____ _ __  __
2023.09.23 14:26:07 INFO  [info]    \ \   / __ \ / // __ `// / / /
2023.09.23 14:26:07 INFO  [info]    / /  / /_/ // // /_/ // /_/ /
2023.09.23 14:26:07 INFO  [info]   /_/  / .___//_/ \__,_/ \__, /
2023.09.23 14:26:07 INFO  [info]       /_/               /____/
2023.09.23 14:26:07 INFO  [info] 
2023.09.23 14:26:07 INFO  [info] Version 2.8.20 running Java 1.8.0_382
2023.09.23 14:26:07 INFO  [info] 
2023.09.23 14:26:07 INFO  [info] Play is run entirely by the community. Please consider contributing and/or donating:
2023.09.23 14:26:07 INFO  [info] https://www.playframework.com/sponsors
2023.09.23 14:26:07 INFO  [info] 
2023.09.23 14:26:20 INFO  [success] Generated .bloop/root.json
2023.09.23 14:26:20 INFO  [success] Generated .bloop/root-test.json
2023.09.23 14:26:20 INFO  [success] Total time: 9 s, completed 09 23, 23 2:26:20 PM
2023.09.23 14:26:20 INFO  time: ran 'sbt bloopInstall' in 57s
2023.09.23 14:26:20 INFO  Attempting to connect to the build server...
2023.09.23 14:26:20 INFO  Bloop uses /opt/local/sdkman/candidates/java/current defined at /Users/jkpancho/.bloop/bloop.json
2023.09.23 14:26:22 INFO  tracing is disabled for protocol BSP, to enable tracing of incoming and outgoing JSON messages create an empty file at /Users/jkpancho/Downloads/jkpancho-homework-09222023/.metals/bsp.trace.json or /Users/jkpancho/Library/Caches/org.scalameta.metals/bsp.trace.json
2023.09.23 14:26:22 INFO  Attempting to connect to the build server...
2023.09.23 14:26:22 INFO  Bloop uses /opt/local/sdkman/candidates/java/current defined at /Users/jkpancho/.bloop/bloop.json
2023.09.23 14:26:22 INFO  Attempting to connect to the build server...
2023.09.23 14:26:22 INFO  Bloop uses /opt/local/sdkman/candidates/java/current defined at /Users/jkpancho/.bloop/bloop.json
2023.09.23 14:26:22 INFO  tracing is disabled for protocol BSP, to enable tracing of incoming and outgoing JSON messages create an empty file at /Users/jkpancho/Downloads/jkpancho-homework-09222023/project/project/.metals/bsp.trace.json or /Users/jkpancho/Library/Caches/org.scalameta.metals/bsp.trace.json
2023.09.23 14:26:22 INFO  tracing is disabled for protocol BSP, to enable tracing of incoming and outgoing JSON messages create an empty file at /Users/jkpancho/Downloads/jkpancho-homework-09222023/project/.metals/bsp.trace.json or /Users/jkpancho/Library/Caches/org.scalameta.metals/bsp.trace.json
2023.09.23 14:26:22 INFO  time: Connected to build server in 1.74s
2023.09.23 14:26:22 INFO  Connected to Build server: Bloop v1.5.8
2023.09.23 14:26:22 INFO  time: Imported build in 0.2s
2023.09.23 14:26:41 INFO  time: indexed workspace in 18s
2023.09.23 14:26:41 WARN  no build target for: /Users/jkpancho/Downloads/jkpancho-homework-09222023/build.sc
2023.09.23 14:30:35 INFO  running '/opt/local/sdkman/candidates/java/current/bin/java -Djline.terminal=jline.UnsupportedTerminal -Dsbt.log.noformat=true -Dfile.encoding=UTF-8 -jar /var/folders/d0/w29x5ycn18n_8fkpdh2rbjjr0000gp/T/metals6720892911028583475/sbt-launch.jar -Dbloop.export-jar-classifiers=sources bloopInstall'
2023.09.23 14:30:42 INFO  [info] welcome to sbt 1.7.2 (Amazon.com Inc. Java 1.8.0_382)
2023.09.23 14:30:47 INFO  [info] loading settings for project jkpancho-homework-09222023-build-build-build from metals.sbt ...
2023.09.23 14:30:49 INFO  [info] loading project definition from /Users/jkpancho/Downloads/jkpancho-homework-09222023/project/project/project
2023.09.23 14:30:51 INFO  [info] loading settings for project jkpancho-homework-09222023-build-build from metals.sbt ...
2023.09.23 14:30:51 INFO  [info] loading project definition from /Users/jkpancho/Downloads/jkpancho-homework-09222023/project/project
2023.09.23 14:30:57 INFO  [success] Generated .bloop/jkpancho-homework-09222023-build-build.json
2023.09.23 14:30:57 INFO  [success] Total time: 5 s, completed 09 23, 23 2:30:57 PM
2023.09.23 14:30:59 INFO  [info] loading settings for project jkpancho-homework-09222023-build from metals.sbt,plugins.sbt ...
2023.09.23 14:30:59 INFO  [info] loading project definition from /Users/jkpancho/Downloads/jkpancho-homework-09222023/project
2023.09.23 14:31:02 INFO  [success] Generated .bloop/jkpancho-homework-09222023-build.json
2023.09.23 14:31:03 INFO  [success] Total time: 4 s, completed 09 23, 23 2:31:03 PM
2023.09.23 14:31:06 INFO  [info] loading settings for project root from build.sbt ...
2023.09.23 14:31:06 INFO  [info]   __              __
2023.09.23 14:31:06 INFO  [info]   \ \     ____   / /____ _ __  __
2023.09.23 14:31:06 INFO  [info]    \ \   / __ \ / // __ `// / / /
2023.09.23 14:31:06 INFO  [info]    / /  / /_/ // // /_/ // /_/ /
2023.09.23 14:31:06 INFO  [info]   /_/  / .___//_/ \__,_/ \__, /
2023.09.23 14:31:06 INFO  [info]       /_/               /____/
2023.09.23 14:31:06 INFO  [info] 
2023.09.23 14:31:06 INFO  [info] Version 2.8.20 running Java 1.8.0_382
2023.09.23 14:31:06 INFO  [info] 
2023.09.23 14:31:06 INFO  [info] Play is run entirely by the community. Please consider contributing and/or donating:
2023.09.23 14:31:06 INFO  [info] https://www.playframework.com/sponsors
2023.09.23 14:31:06 INFO  [info] 
2023.09.23 14:31:15 INFO  [success] Generated .bloop/root-test.json
2023.09.23 14:31:15 INFO  [success] Generated .bloop/root.json
2023.09.23 14:31:15 INFO  [success] Total time: 4 s, completed 09 23, 23 2:31:15 PM
2023.09.23 14:31:16 INFO  time: ran 'sbt bloopInstall' in 40s
2023.09.23 14:31:16 INFO  Disconnecting from Bloop session...
2023.09.23 14:31:16 INFO  Shut down connection with build server.
2023.09.23 14:31:16 INFO  Shut down connection with build server.
2023.09.23 14:31:16 INFO  Shut down connection with build server.
2023.09.23 14:31:16 INFO  Attempting to connect to the build server...
2023.09.23 14:31:16 INFO  Bloop uses /opt/local/sdkman/candidates/java/current defined at /Users/jkpancho/.bloop/bloop.json
2023.09.23 14:31:16 INFO  tracing is disabled for protocol BSP, to enable tracing of incoming and outgoing JSON messages create an empty file at /Users/jkpancho/Downloads/jkpancho-homework-09222023/.metals/bsp.trace.json or /Users/jkpancho/Library/Caches/org.scalameta.metals/bsp.trace.json
2023.09.23 14:31:16 INFO  Attempting to connect to the build server...
2023.09.23 14:31:16 INFO  Bloop uses /opt/local/sdkman/candidates/java/current defined at /Users/jkpancho/.bloop/bloop.json
2023.09.23 14:31:16 INFO  Attempting to connect to the build server...
2023.09.23 14:31:16 INFO  Bloop uses /opt/local/sdkman/candidates/java/current defined at /Users/jkpancho/.bloop/bloop.json
2023.09.23 14:31:16 INFO  tracing is disabled for protocol BSP, to enable tracing of incoming and outgoing JSON messages create an empty file at /Users/jkpancho/Downloads/jkpancho-homework-09222023/project/.metals/bsp.trace.json or /Users/jkpancho/Library/Caches/org.scalameta.metals/bsp.trace.json
2023.09.23 14:31:16 INFO  tracing is disabled for protocol BSP, to enable tracing of incoming and outgoing JSON messages create an empty file at /Users/jkpancho/Downloads/jkpancho-homework-09222023/project/project/.metals/bsp.trace.json or /Users/jkpancho/Library/Caches/org.scalameta.metals/bsp.trace.json
2023.09.23 14:31:16 INFO  time: Connected to build server in 0.49s
2023.09.23 14:31:16 INFO  Connected to Build server: Bloop v1.5.8
2023.09.23 14:31:16 INFO  time: Imported build in 0.25s
2023.09.23 14:31:24 INFO  time: indexed workspace in 7.71s
2023.09.23 14:31:24 WARN  no build target for: /Users/jkpancho/Downloads/jkpancho-homework-09222023/build.sc
2023.09.23 14:37:40 INFO  compiling root (8 scala sources and 1 java source)
Sep 23, 2023 2:37:42 PM org.eclipse.lsp4j.jsonrpc.RemoteEndpoint handleCancellation
WARNING: Unmatched cancel notification for request id 278
2023.09.23 14:37:55 INFO  Deduplicating compilation of root from bsp client 'Metals 1.0.1' (since 6m 39.091s)
2023.09.23 14:37:55 INFO  compiling root (8 scala sources and 1 java source)
2023.09.23 14:38:21 INFO  time: compiled root in 25s
2023.09.23 14:39:04 INFO  compiling root (1 scala source)
2023.09.23 14:39:07 INFO  time: compiled root in 2.37s
2023.09.23 14:39:13 INFO  compiling root (1 scala source)
2023.09.23 14:39:14 INFO  time: compiled root in 1.03s
2023.09.23 14:39:16 INFO  compiling root (1 scala source)
2023.09.23 14:39:16 INFO  time: compiled root in 0.85s
Sep 23, 2023 2:39:19 PM org.eclipse.lsp4j.jsonrpc.RemoteEndpoint handleCancellation
WARNING: Unmatched cancel notification for request id 384
2023.09.23 14:39:21 INFO  compiling root (1 scala source)
2023.09.23 14:39:23 INFO  time: compiled root in 1.77s
2023.09.23 14:39:29 INFO  compiling root (1 scala source)
2023.09.23 14:39:30 INFO  time: compiled root in 1.21s
2023.09.23 14:40:17 INFO  compiling root (1 scala source)
2023.09.23 14:40:21 INFO  time: compiled root in 3.81s
2023.09.23 14:40:28 INFO  compiling root (1 scala source)
2023.09.23 14:40:31 INFO  time: compiled root in 3.27s
2023.09.23 14:40:47 INFO  compiling root (1 scala source)
2023.09.23 14:40:47 INFO  time: compiled root in 0.57s
2023.09.23 14:40:55 INFO  compiling root (1 scala source)
2023.09.23 14:40:57 INFO  time: compiled root in 2.27s
2023.09.23 14:40:59 WARN  Could not load snapshot text for /Users/jkpancho/Downloads/jkpancho-homework-09222023/app/models/repo/TasksRepo.scala
2023.09.23 14:40:59 INFO  compiling root (1 scala source)
2023.09.23 14:41:01 INFO  time: compiled root in 1.48s
2023.09.23 14:41:20 INFO  compiling root (1 scala source)
2023.09.23 14:41:21 INFO  time: compiled root in 1.06s
something's wrong: no file:///Users/jkpancho/Downloads/jkpancho-homework-09222023/app/models/repo/TasksRepo.scala in play.api.db.slick.HasDatabaseConfigProvider[slick.jdbc.JdbcProfile]RangePosition(file:///Users/jkpancho/Downloads/jkpancho-homework-09222023/app/models/repo/TasksRepo.scala, 406, 406, 444)
2023.09.23 14:41:30 INFO  compiling root (1 scala source)
2023.09.23 14:41:34 INFO  time: compiled root in 3.37s
2023.09.23 14:41:36 INFO  compiling root (1 scala source)
2023.09.23 14:41:38 INFO  time: compiled root in 1.52s
2023.09.23 14:42:17 INFO  compiling root (1 scala source)
2023.09.23 14:42:20 INFO  time: compiled root in 3.06s
2023.09.23 14:44:01 INFO  compiling root (1 scala source)
2023.09.23 14:44:06 INFO  time: compiled root in 5.6s
2023.09.23 14:44:06 INFO  compiling root (1 scala source)
2023.09.23 14:44:07 INFO  time: compiled root in 1.02s
Sep 23, 2023 2:44:07 PM scala.meta.internal.pc.CompilerAccess retryWithCleanCompiler
INFO: compiler crashed due to an error in the Scala compiler, retrying with new compiler instance.
2023.09.23 14:44:11 INFO  compiling root (1 scala source)
2023.09.23 14:44:11 INFO  time: compiled root in 0.91s
Sep 23, 2023 2:44:30 PM org.eclipse.lsp4j.jsonrpc.RemoteEndpoint handleCancellation
WARNING: Unmatched cancel notification for request id 1161
2023.09.23 14:44:34 INFO  compiling root (1 scala source)
2023.09.23 14:44:39 INFO  time: compiled root in 4.71s
2023.09.23 14:44:49 INFO  compiling root (1 scala source)
2023.09.23 14:44:52 INFO  time: compiled root in 2.71s
2023.09.23 14:44:52 INFO  compiling root (1 scala source)
2023.09.23 14:44:53 INFO  time: compiled root in 1.15s
2023.09.23 14:45:10 INFO  compiling root (1 scala source)
2023.09.23 14:45:13 INFO  time: compiled root in 2.88s
2023.09.23 14:45:13 INFO  compiling root (1 scala source)
2023.09.23 14:45:16 INFO  time: compiled root in 2.64s
2023.09.23 14:45:34 INFO  compiling root (1 scala source)
2023.09.23 14:45:34 INFO  time: compiled root in 0.85s
2023.09.23 14:45:44 INFO  compiling root (1 scala source)
2023.09.23 14:45:44 INFO  time: compiled root in 0.61s
2023.09.23 14:45:51 INFO  compiling root (1 scala source)
2023.09.23 14:45:53 INFO  time: compiled root in 2s
2023.09.23 14:45:56 INFO  compiling root (1 scala source)
2023.09.23 14:45:56 INFO  time: compiled root in 0.58s
2023.09.23 14:46:03 INFO  compiling root (1 scala source)
2023.09.23 14:46:06 INFO  time: compiled root in 2.11s
2023.09.23 14:46:06 INFO  compiling root (1 scala source)
2023.09.23 14:46:06 INFO  time: compiled root in 0.56s
Sep 23, 2023 2:46:08 PM scala.meta.internal.mtags.SymbolIndexBucket addMtagsSourceFile
WARNING: Error indexing /Users/jkpancho/Downloads/jkpancho-homework-09222023/app/models/repo/TasksRepo.scala
java.nio.file.NoSuchFileException: /Users/jkpancho/Downloads/jkpancho-homework-09222023/app/models/repo/TasksRepo.scala
	at sun.nio.fs.UnixException.translateToIOException(UnixException.java:86)
	at sun.nio.fs.UnixException.rethrowAsIOException(UnixException.java:102)
	at sun.nio.fs.UnixException.rethrowAsIOException(UnixException.java:107)
	at sun.nio.fs.UnixFileSystemProvider.newByteChannel(UnixFileSystemProvider.java:214)
	at java.nio.file.Files.newByteChannel(Files.java:361)
	at java.nio.file.Files.newByteChannel(Files.java:407)
	at java.nio.file.Files.readAllBytes(Files.java:3152)
	at scala.meta.internal.io.PlatformFileIO$.slurp(PlatformFileIO.scala:45)
	at scala.meta.internal.io.FileIO$.slurp(FileIO.scala:24)
	at scala.meta.internal.mtags.ScalametaCommonEnrichments$XtensionAbsolutePath.toInput(ScalametaCommonEnrichments.scala:378)
	at scala.meta.internal.mtags.SymbolIndexBucket.addMtagsSourceFile(SymbolIndexBucket.scala:270)
	at scala.meta.internal.mtags.SymbolIndexBucket.$anonfun$query0$1(SymbolIndexBucket.scala:190)
	at scala.meta.internal.mtags.SymbolIndexBucket.$anonfun$query0$1$adapted(SymbolIndexBucket.scala:190)
	at scala.collection.immutable.Set$Set2.foreach(Set.scala:201)
	at scala.meta.internal.mtags.SymbolIndexBucket.query0(SymbolIndexBucket.scala:190)
	at scala.meta.internal.mtags.SymbolIndexBucket.query(SymbolIndexBucket.scala:163)
	at scala.meta.internal.mtags.OnDemandSymbolIndex.$anonfun$findSymbolDefinition$1(OnDemandSymbolIndex.scala:141)
	at scala.collection.immutable.List.flatMap(List.scala:293)
	at scala.meta.internal.mtags.OnDemandSymbolIndex.findSymbolDefinition(OnDemandSymbolIndex.scala:141)
	at scala.meta.internal.mtags.OnDemandSymbolIndex.definition(OnDemandSymbolIndex.scala:48)
	at scala.meta.internal.metals.Docstrings.indexSymbol(Docstrings.scala:118)
	at scala.meta.internal.metals.Docstrings.documentation(Docstrings.scala:44)
	at scala.meta.internal.metals.MetalsSymbolSearch.documentation(MetalsSymbolSearch.scala:43)
	at scala.meta.internal.pc.MetalsGlobal.symbolDocumentation(MetalsGlobal.scala:233)
	at scala.meta.internal.pc.CompletionItemResolver.handleSymbol(CompletionItemResolver.scala:31)
	at scala.meta.internal.pc.CompletionItemResolver.resolve(CompletionItemResolver.scala:24)
	at scala.meta.internal.pc.ScalaPresentationCompiler.$anonfun$completionItemResolve$1(ScalaPresentationCompiler.scala:266)
	at scala.meta.internal.pc.CompilerAccess.withSharedCompiler(CompilerAccess.scala:146)
	at scala.meta.internal.pc.ScalaPresentationCompiler.completionItemResolve(ScalaPresentationCompiler.scala:265)
	at scala.meta.internal.metals.Compilers.$anonfun$completionItemResolve$2(Compilers.scala:276)
	at scala.Option.map(Option.scala:242)
	at scala.meta.internal.metals.Compilers.$anonfun$completionItemResolve$1(Compilers.scala:275)
	at scala.Option.flatMap(Option.scala:283)
	at scala.meta.internal.metals.Compilers.completionItemResolve(Compilers.scala:274)
	at scala.meta.internal.metals.MetalsLspService.$anonfun$completionItemResolve$1(MetalsLspService.scala:1545)
	at scala.meta.internal.metals.CancelTokens$.future(CancelTokens.scala:38)
	at scala.meta.internal.metals.MetalsLspService.completionItemResolve(MetalsLspService.scala:1543)
	at scala.meta.internal.metals.WorkspaceLspService.$anonfun$completionItemResolve$1(WorkspaceLspService.scala:421)
	at scala.Option.map(Option.scala:242)
	at scala.meta.internal.metals.WorkspaceLspService.completionItemResolve(WorkspaceLspService.scala:421)
	at scala.meta.metals.lsp.DelegatingScalaService.completionItemResolve(DelegatingScalaService.scala:138)
	at sun.reflect.GeneratedMethodAccessor19.invoke(Unknown Source)
	at sun.reflect.DelegatingMethodAccessorImpl.invoke(DelegatingMethodAccessorImpl.java:43)
	at java.lang.reflect.Method.invoke(Method.java:498)
	at org.eclipse.lsp4j.jsonrpc.services.GenericEndpoint.lambda$null$0(GenericEndpoint.java:65)
	at org.eclipse.lsp4j.jsonrpc.services.GenericEndpoint.request(GenericEndpoint.java:120)
	at org.eclipse.lsp4j.jsonrpc.RemoteEndpoint.handleRequest(RemoteEndpoint.java:261)
	at org.eclipse.lsp4j.jsonrpc.RemoteEndpoint.consume(RemoteEndpoint.java:190)
	at org.eclipse.lsp4j.jsonrpc.json.StreamMessageProducer.handleMessage(StreamMessageProducer.java:194)
	at org.eclipse.lsp4j.jsonrpc.json.StreamMessageProducer.listen(StreamMessageProducer.java:94)
	at org.eclipse.lsp4j.jsonrpc.json.ConcurrentMessageProcessor.run(ConcurrentMessageProcessor.java:113)
	at java.util.concurrent.Executors$RunnableAdapter.call(Executors.java:511)
	at java.util.concurrent.FutureTask.run(FutureTask.java:266)
	at java.util.concurrent.ThreadPoolExecutor.runWorker(ThreadPoolExecutor.java:1149)
	at java.util.concurrent.ThreadPoolExecutor$Worker.run(ThreadPoolExecutor.java:624)
	at java.lang.Thread.run(Thread.java:750)

Sep 23, 2023 2:46:08 PM scala.meta.internal.mtags.SymbolIndexBucket addMtagsSourceFile
WARNING: Error indexing /Users/jkpancho/Downloads/jkpancho-homework-09222023/app/models/repo/TasksRepo.scala
java.nio.file.NoSuchFileException: /Users/jkpancho/Downloads/jkpancho-homework-09222023/app/models/repo/TasksRepo.scala
	at sun.nio.fs.UnixException.translateToIOException(UnixException.java:86)
	at sun.nio.fs.UnixException.rethrowAsIOException(UnixException.java:102)
	at sun.nio.fs.UnixException.rethrowAsIOException(UnixException.java:107)
	at sun.nio.fs.UnixFileSystemProvider.newByteChannel(UnixFileSystemProvider.java:214)
	at java.nio.file.Files.newByteChannel(Files.java:361)
	at java.nio.file.Files.newByteChannel(Files.java:407)
	at java.nio.file.Files.readAllBytes(Files.java:3152)
	at scala.meta.internal.io.PlatformFileIO$.slurp(PlatformFileIO.scala:45)
	at scala.meta.internal.io.FileIO$.slurp(FileIO.scala:24)
	at scala.meta.internal.mtags.ScalametaCommonEnrichments$XtensionAbsolutePath.toInput(ScalametaCommonEnrichments.scala:378)
	at scala.meta.internal.mtags.SymbolIndexBucket.addMtagsSourceFile(SymbolIndexBucket.scala:270)
	at scala.meta.internal.mtags.SymbolIndexBucket.addMtagsSourceFile(SymbolIndexBucket.scala:286)
	at scala.meta.internal.mtags.SymbolIndexBucket.$anonfun$query0$1(SymbolIndexBucket.scala:190)
	at scala.meta.internal.mtags.SymbolIndexBucket.$anonfun$query0$1$adapted(SymbolIndexBucket.scala:190)
	at scala.collection.immutable.Set$Set2.foreach(Set.scala:201)
	at scala.meta.internal.mtags.SymbolIndexBucket.query0(SymbolIndexBucket.scala:190)
	at scala.meta.internal.mtags.SymbolIndexBucket.query(SymbolIndexBucket.scala:163)
	at scala.meta.internal.mtags.OnDemandSymbolIndex.$anonfun$findSymbolDefinition$1(OnDemandSymbolIndex.scala:141)
	at scala.collection.immutable.List.flatMap(List.scala:293)
	at scala.meta.internal.mtags.OnDemandSymbolIndex.findSymbolDefinition(OnDemandSymbolIndex.scala:141)
	at scala.meta.internal.mtags.OnDemandSymbolIndex.definition(OnDemandSymbolIndex.scala:48)
	at scala.meta.internal.metals.Docstrings.indexSymbol(Docstrings.scala:118)
	at scala.meta.internal.metals.Docstrings.documentation(Docstrings.scala:44)
	at scala.meta.internal.metals.MetalsSymbolSearch.documentation(MetalsSymbolSearch.scala:43)
	at scala.meta.internal.pc.MetalsGlobal.symbolDocumentation(MetalsGlobal.scala:233)
	at scala.meta.internal.pc.CompletionItemResolver.handleSymbol(CompletionItemResolver.scala:31)
	at scala.meta.internal.pc.CompletionItemResolver.resolve(CompletionItemResolver.scala:24)
	at scala.meta.internal.pc.ScalaPresentationCompiler.$anonfun$completionItemResolve$1(ScalaPresentationCompiler.scala:266)
	at scala.meta.internal.pc.CompilerAccess.withSharedCompiler(CompilerAccess.scala:146)
	at scala.meta.internal.pc.ScalaPresentationCompiler.completionItemResolve(ScalaPresentationCompiler.scala:265)
	at scala.meta.internal.metals.Compilers.$anonfun$completionItemResolve$2(Compilers.scala:276)
	at scala.Option.map(Option.scala:242)
	at scala.meta.internal.metals.Compilers.$anonfun$completionItemResolve$1(Compilers.scala:275)
	at scala.Option.flatMap(Option.scala:283)
	at scala.meta.internal.metals.Compilers.completionItemResolve(Compilers.scala:274)
	at scala.meta.internal.metals.MetalsLspService.$anonfun$completionItemResolve$1(MetalsLspService.scala:1545)
	at scala.meta.internal.metals.CancelTokens$.future(CancelTokens.scala:38)
	at scala.meta.internal.metals.MetalsLspService.completionItemResolve(MetalsLspService.scala:1543)
	at scala.meta.internal.metals.WorkspaceLspService.$anonfun$completionItemResolve$1(WorkspaceLspService.scala:421)
	at scala.Option.map(Option.scala:242)
	at scala.meta.internal.metals.WorkspaceLspService.completionItemResolve(WorkspaceLspService.scala:421)
	at scala.meta.metals.lsp.DelegatingScalaService.completionItemResolve(DelegatingScalaService.scala:138)
	at sun.reflect.GeneratedMethodAccessor19.invoke(Unknown Source)
	at sun.reflect.DelegatingMethodAccessorImpl.invoke(DelegatingMethodAccessorImpl.java:43)
	at java.lang.reflect.Method.invoke(Method.java:498)
	at org.eclipse.lsp4j.jsonrpc.services.GenericEndpoint.lambda$null$0(GenericEndpoint.java:65)
	at org.eclipse.lsp4j.jsonrpc.services.GenericEndpoint.request(GenericEndpoint.java:120)
	at org.eclipse.lsp4j.jsonrpc.RemoteEndpoint.handleRequest(RemoteEndpoint.java:261)
	at org.eclipse.lsp4j.jsonrpc.RemoteEndpoint.consume(RemoteEndpoint.java:190)
	at org.eclipse.lsp4j.jsonrpc.json.StreamMessageProducer.handleMessage(StreamMessageProducer.java:194)
	at org.eclipse.lsp4j.jsonrpc.json.StreamMessageProducer.listen(StreamMessageProducer.java:94)
	at org.eclipse.lsp4j.jsonrpc.json.ConcurrentMessageProcessor.run(ConcurrentMessageProcessor.java:113)
	at java.util.concurrent.Executors$RunnableAdapter.call(Executors.java:511)
	at java.util.concurrent.FutureTask.run(FutureTask.java:266)
	at java.util.concurrent.ThreadPoolExecutor.runWorker(ThreadPoolExecutor.java:1149)
	at java.util.concurrent.ThreadPoolExecutor$Worker.run(ThreadPoolExecutor.java:624)
	at java.lang.Thread.run(Thread.java:750)

2023.09.23 14:46:10 INFO  compiling root (1 scala source)
2023.09.23 14:46:12 INFO  time: compiled root in 2.65s
2023.09.23 14:46:27 INFO  compiling root (1 scala source)
2023.09.23 14:46:30 INFO  time: compiled root in 2.89s
2023.09.23 14:46:31 INFO  compiling root (1 scala source)
2023.09.23 14:46:35 INFO  time: compiled root in 4.32s
Sep 23, 2023 2:46:35 PM scala.meta.internal.pc.CompilerAccess retryWithCleanCompiler
INFO: compiler crashed due to an error in the Scala compiler, retrying with new compiler instance.
2023.09.23 14:46:42 INFO  compiling root (1 scala source)
2023.09.23 14:46:42 WARN  Could not load snapshot text for /Users/jkpancho/Downloads/jkpancho-homework-09222023/app/models/repo/TaskRepo.scala
2023.09.23 14:46:46 INFO  time: compiled root in 3.89s
2023.09.23 14:46:49 INFO  compiling root (1 scala source)
2023.09.23 14:46:51 INFO  time: compiled root in 2.1s
Sep 23, 2023 2:47:03 PM org.eclipse.lsp4j.jsonrpc.RemoteEndpoint handleCancellation
WARNING: Unmatched cancel notification for request id 1490
2023.09.23 14:48:25 INFO  compiling root (1 scala source)
Sep 23, 2023 2:48:41 PM org.eclipse.lsp4j.jsonrpc.RemoteEndpoint handleCancellation
WARNING: Unmatched cancel notification for request id 1524
2023.09.23 14:49:01 INFO  Bloop uses /opt/local/sdkman/candidates/java/current defined at /Users/jkpancho/.bloop/bloop.json
2023.09.23 14:49:01 INFO  tracing is disabled for protocol BSP, to enable tracing of incoming and outgoing JSON messages create an empty file at /Users/jkpancho/Downloads/jkpancho-homework-09222023/.metals/bsp.trace.json or /Users/jkpancho/Library/Caches/org.scalameta.metals/bsp.trace.json
2023.09.23 14:49:01 INFO  Connected to Build server: Bloop v1.5.8
2023.09.23 14:49:02 INFO  Bloop uses /opt/local/sdkman/candidates/java/current defined at /Users/jkpancho/.bloop/bloop.json
2023.09.23 14:49:02 INFO  Bloop uses /opt/local/sdkman/candidates/java/current defined at /Users/jkpancho/.bloop/bloop.json
2023.09.23 14:49:02 INFO  tracing is disabled for protocol BSP, to enable tracing of incoming and outgoing JSON messages create an empty file at /Users/jkpancho/Downloads/jkpancho-homework-09222023/project/project/.metals/bsp.trace.json or /Users/jkpancho/Library/Caches/org.scalameta.metals/bsp.trace.json
2023.09.23 14:49:01 INFO  tracing is disabled for protocol BSP, to enable tracing of incoming and outgoing JSON messages create an empty file at /Users/jkpancho/Downloads/jkpancho-homework-09222023/project/.metals/bsp.trace.json or /Users/jkpancho/Library/Caches/org.scalameta.metals/bsp.trace.json
2023.09.23 14:49:23 INFO  compiling root (1 scala source)
2023.09.23 14:49:25 INFO  time: compiled root in 1.13s
Sep 23, 2023 2:49:40 PM org.eclipse.lsp4j.jsonrpc.RemoteEndpoint handleCancellation
WARNING: Unmatched cancel notification for request id 1622
Sep 23, 2023 2:49:41 PM org.eclipse.lsp4j.jsonrpc.RemoteEndpoint handleCancellation
WARNING: Unmatched cancel notification for request id 1624
Sep 23, 2023 2:49:41 PM org.eclipse.lsp4j.jsonrpc.RemoteEndpoint handleCancellation
WARNING: Unmatched cancel notification for request id 1625
Sep 23, 2023 2:49:41 PM org.eclipse.lsp4j.jsonrpc.RemoteEndpoint handleCancellation
WARNING: Unmatched cancel notification for request id 1628
Sep 23, 2023 2:49:41 PM org.eclipse.lsp4j.jsonrpc.RemoteEndpoint handleCancellation
WARNING: Unmatched cancel notification for request id 1629
Sep 23, 2023 2:49:41 PM org.eclipse.lsp4j.jsonrpc.RemoteEndpoint handleCancellation
WARNING: Unmatched cancel notification for request id 1630
2023.09.23 14:49:50 INFO  compiling root (1 scala source)
2023.09.23 14:49:51 INFO  time: compiled root in 1.19s
2023.09.23 14:50:03 WARN  Using indexes to guess the definition of TaskRepo
2023.09.23 14:50:05 WARN  Using indexes to guess the definition of TaskRepo
2023.09.23 14:50:05 WARN  Using indexes to guess the definition of TaskRepo
2023.09.23 14:50:13 INFO  compiling root (2 scala sources)
2023.09.23 14:50:14 INFO  time: compiled root in 1.5s
2023.09.23 14:50:23 INFO  compiling root (2 scala sources)
2023.09.23 14:50:23 INFO  time: compiled root in 0.76s
Sep 23, 2023 2:50:47 PM org.eclipse.lsp4j.jsonrpc.RemoteEndpoint handleCancellation
WARNING: Unmatched cancel notification for request id 1750
Sep 23, 2023 2:50:47 PM org.eclipse.lsp4j.jsonrpc.RemoteEndpoint handleCancellation
WARNING: Unmatched cancel notification for request id 1753
Sep 23, 2023 2:50:47 PM org.eclipse.lsp4j.jsonrpc.RemoteEndpoint handleCancellation
WARNING: Unmatched cancel notification for request id 1752
Sep 23, 2023 2:50:47 PM org.eclipse.lsp4j.jsonrpc.RemoteEndpoint handleCancellation
WARNING: Unmatched cancel notification for request id 1754
2023.09.23 14:50:50 INFO  compiling root (2 scala sources)
2023.09.23 14:50:57 INFO  compiling root (2 scala sources)
2023.09.23 14:50:57 INFO  time: compiled root in 0.4s
2023.09.23 14:52:47 INFO  running '/opt/local/sdkman/candidates/java/current/bin/java -Djline.terminal=jline.UnsupportedTerminal -Dsbt.log.noformat=true -Dfile.encoding=UTF-8 -jar /var/folders/d0/w29x5ycn18n_8fkpdh2rbjjr0000gp/T/metals4036909380121009680/sbt-launch.jar -Dbloop.export-jar-classifiers=sources bloopInstall'
2023.09.23 14:52:53 INFO  [info] welcome to sbt 1.7.2 (Amazon.com Inc. Java 1.8.0_382)
2023.09.23 14:52:56 INFO  [info] loading settings for project jkpancho-homework-09222023-build-build-build from metals.sbt ...
2023.09.23 14:52:59 INFO  [info] loading project definition from /Users/jkpancho/Downloads/jkpancho-homework-09222023/project/project/project
2023.09.23 14:53:01 INFO  [info] loading settings for project jkpancho-homework-09222023-build-build from metals.sbt ...
2023.09.23 14:53:01 INFO  [info] loading project definition from /Users/jkpancho/Downloads/jkpancho-homework-09222023/project/project
2023.09.23 14:53:07 INFO  [success] Generated .bloop/jkpancho-homework-09222023-build-build.json
2023.09.23 14:53:07 INFO  [success] Total time: 5 s, completed 09 23, 23 2:53:07 PM
2023.09.23 14:53:08 INFO  [info] loading settings for project jkpancho-homework-09222023-build from metals.sbt,plugins.sbt ...
2023.09.23 14:53:08 INFO  [info] loading project definition from /Users/jkpancho/Downloads/jkpancho-homework-09222023/project
2023.09.23 14:53:11 INFO  [success] Generated .bloop/jkpancho-homework-09222023-build.json
2023.09.23 14:53:12 INFO  [success] Total time: 3 s, completed 09 23, 23 2:53:12 PM
2023.09.23 14:53:14 INFO  [info] loading settings for project root from build.sbt ...
2023.09.23 14:53:14 INFO  [info]   __              __
2023.09.23 14:53:14 INFO  [info]   \ \     ____   / /____ _ __  __
2023.09.23 14:53:14 INFO  [info]    \ \   / __ \ / // __ `// / / /
2023.09.23 14:53:14 INFO  [info]    / /  / /_/ // // /_/ // /_/ /
2023.09.23 14:53:14 INFO  [info]   /_/  / .___//_/ \__,_/ \__, /
2023.09.23 14:53:14 INFO  [info]       /_/               /____/
2023.09.23 14:53:14 INFO  [info] 
2023.09.23 14:53:14 INFO  [info] Version 2.8.20 running Java 1.8.0_382
2023.09.23 14:53:14 INFO  [info] 
2023.09.23 14:53:14 INFO  [info] Play is run entirely by the community. Please consider contributing and/or donating:
2023.09.23 14:53:14 INFO  [info] https://www.playframework.com/sponsors
2023.09.23 14:53:14 INFO  [info] 
2023.09.23 14:53:19 INFO  [success] Generated .bloop/root-test.json
2023.09.23 14:53:19 INFO  [success] Generated .bloop/root.json
2023.09.23 14:53:19 INFO  [success] Total time: 2 s, completed 09 23, 23 2:53:19 PM
2023.09.23 14:53:19 INFO  time: ran 'sbt bloopInstall' in 32s
2023.09.23 14:53:20 INFO  Disconnecting from Bloop session...
2023.09.23 14:53:19 INFO  Shut down connection with build server.
2023.09.23 14:53:20 INFO  Shut down connection with build server.
2023.09.23 14:53:20 INFO  Shut down connection with build server.
2023.09.23 14:53:20 INFO  Cancelling compilation on Bloop server
2023.09.23 14:53:20 INFO  Cancelling compilation on Bloop server
Sep 23, 2023 2:53:20 PM org.eclipse.lsp4j.jsonrpc.RemoteEndpoint notify
INFO: Failed to send notification message.
org.eclipse.lsp4j.jsonrpc.JsonRpcException: java.nio.channels.ClosedChannelException
	at org.eclipse.lsp4j.jsonrpc.json.StreamMessageConsumer.consume(StreamMessageConsumer.java:72)
	at scala.meta.internal.metals.RequestMonitorImpl$$anon$1.consume(ServerLivenessMonitor.scala:44)
	at org.eclipse.lsp4j.jsonrpc.RemoteEndpoint.notify(RemoteEndpoint.java:126)
	at org.eclipse.lsp4j.jsonrpc.RemoteEndpoint.sendCancelNotification(RemoteEndpoint.java:180)
	at org.eclipse.lsp4j.jsonrpc.RemoteEndpoint$1.cancel(RemoteEndpoint.java:150)
	at scala.meta.internal.metals.BuildServerConnection.$anonfun$register$2(BuildServerConnection.scala:349)
	at scala.runtime.java8.JFunction0$mcZ$sp.apply(JFunction0$mcZ$sp.scala:17)
	at scala.util.Try$.apply(Try.scala:210)
	at scala.meta.internal.metals.BuildServerConnection.$anonfun$register$1(BuildServerConnection.scala:349)
	at scala.meta.internal.metals.Cancelable$$anon$1.cancel(Cancelable.scala:18)
	at scala.meta.internal.metals.Cancelable$.$anonfun$cancelAll$1(Cancelable.scala:29)
	at scala.collection.immutable.List.foreach(List.scala:333)
	at scala.meta.internal.metals.Cancelable$.cancelAll(Cancelable.scala:28)
	at scala.meta.internal.metals.MutableCancelable.cancel(MutableCancelable.scala:25)
	at scala.meta.internal.metals.BuildServerConnection.cancel(BuildServerConnection.scala:285)
	at scala.meta.internal.metals.BuildServerConnection.$anonfun$shutdown$1(BuildServerConnection.scala:122)
	at scala.meta.internal.metals.BuildServerConnection.$anonfun$shutdown$1$adapted(BuildServerConnection.scala:114)
	at scala.concurrent.impl.Promise$Transformation.run(Promise.scala:467)
	at java.util.concurrent.ThreadPoolExecutor.runWorker(ThreadPoolExecutor.java:1149)
	at java.util.concurrent.ThreadPoolExecutor$Worker.run(ThreadPoolExecutor.java:624)
	at java.lang.Thread.run(Thread.java:750)
Caused by: java.nio.channels.ClosedChannelException
	at sun.nio.ch.SinkChannelImpl.ensureOpen(SinkChannelImpl.java:154)
	at sun.nio.ch.SinkChannelImpl.write(SinkChannelImpl.java:158)
	at java.nio.channels.Channels.writeFullyImpl(Channels.java:78)
	at java.nio.channels.Channels.writeFully(Channels.java:98)
	at java.nio.channels.Channels.access$000(Channels.java:61)
	at java.nio.channels.Channels$1.write(Channels.java:174)
	at java.io.OutputStream.write(OutputStream.java:75)
	at java.nio.channels.Channels$1.write(Channels.java:155)
	at scala.meta.internal.metals.ClosableOutputStream.write(ClosableOutputStream.scala:26)
	at java.io.FilterOutputStream.write(FilterOutputStream.java:125)
	at java.io.FilterOutputStream.write(FilterOutputStream.java:97)
	at org.eclipse.lsp4j.jsonrpc.json.StreamMessageConsumer.consume(StreamMessageConsumer.java:67)
	... 20 more

2023.09.23 14:53:20 INFO  Failed to run request with params WorkspaceBuildTargetsResult
Sep 23, 2023 2:53:20 PM org.eclipse.lsp4j.jsonrpc.RemoteEndpoint notify
INFO: Failed to send notification message.
org.eclipse.lsp4j.jsonrpc.JsonRpcException: java.nio.channels.ClosedChannelException
	at org.eclipse.lsp4j.jsonrpc.json.StreamMessageConsumer.consume(StreamMessageConsumer.java:72)
	at scala.meta.internal.metals.RequestMonitorImpl$$anon$1.consume(ServerLivenessMonitor.scala:44)
	at org.eclipse.lsp4j.jsonrpc.RemoteEndpoint.notify(RemoteEndpoint.java:126)
	at org.eclipse.lsp4j.jsonrpc.RemoteEndpoint.sendCancelNotification(RemoteEndpoint.java:180)
	at org.eclipse.lsp4j.jsonrpc.RemoteEndpoint$1.cancel(RemoteEndpoint.java:150)
	at scala.meta.internal.metals.BuildServerConnection.$anonfun$register$2(BuildServerConnection.scala:349)
	at scala.runtime.java8.JFunction0$mcZ$sp.apply(JFunction0$mcZ$sp.scala:17)
	at scala.util.Try$.apply(Try.scala:210)
	at scala.meta.internal.metals.BuildServerConnection.$anonfun$register$1(BuildServerConnection.scala:349)
	at scala.meta.internal.metals.Cancelable$$anon$1.cancel(Cancelable.scala:18)
	at scala.meta.internal.metals.Cancelable$.$anonfun$cancelAll$1(Cancelable.scala:29)
	at scala.collection.immutable.List.foreach(List.scala:333)
	at scala.meta.internal.metals.Cancelable$.cancelAll(Cancelable.scala:28)
	at scala.meta.internal.metals.MutableCancelable.cancel(MutableCancelable.scala:25)
	at scala.meta.internal.metals.BuildServerConnection.cancel(BuildServerConnection.scala:285)
	at scala.meta.internal.metals.BuildServerConnection.$anonfun$shutdown$1(BuildServerConnection.scala:122)
	at scala.meta.internal.metals.BuildServerConnection.$anonfun$shutdown$1$adapted(BuildServerConnection.scala:114)
	at scala.concurrent.impl.Promise$Transformation.run(Promise.scala:467)
	at java.util.concurrent.ThreadPoolExecutor.runWorker(ThreadPoolExecutor.java:1149)
	at java.util.concurrent.ThreadPoolExecutor$Worker.run(ThreadPoolExecutor.java:624)
	at java.lang.Thread.run(Thread.java:750)
Caused by: java.nio.channels.ClosedChannelException
	at sun.nio.ch.SinkChannelImpl.ensureOpen(SinkChannelImpl.java:154)
	at sun.nio.ch.SinkChannelImpl.write(SinkChannelImpl.java:158)
	at java.nio.channels.Channels.writeFullyImpl(Channels.java:78)
	at java.nio.channels.Channels.writeFully(Channels.java:98)
	at java.nio.channels.Channels.access$000(Channels.java:61)
	at java.nio.channels.Channels$1.write(Channels.java:174)
	at java.io.OutputStream.write(OutputStream.java:75)
	at java.nio.channels.Channels$1.write(Channels.java:155)
	at scala.meta.internal.metals.ClosableOutputStream.write(ClosableOutputStream.scala:26)
	at java.io.FilterOutputStream.write(FilterOutputStream.java:125)
	at java.io.FilterOutputStream.write(FilterOutputStream.java:97)
	at org.eclipse.lsp4j.jsonrpc.json.StreamMessageConsumer.consume(StreamMessageConsumer.java:67)
	... 20 more

2023.09.23 14:53:20 INFO  Failed to run request with params WorkspaceBuildTargetsResult
2023.09.23 14:53:20 INFO  Attempting to connect to the build server...
2023.09.23 14:53:20 INFO  Bloop uses /opt/local/sdkman/candidates/java/current defined at /Users/jkpancho/.bloop/bloop.json
2023.09.23 14:53:20 INFO  tracing is disabled for protocol BSP, to enable tracing of incoming and outgoing JSON messages create an empty file at /Users/jkpancho/Downloads/jkpancho-homework-09222023/.metals/bsp.trace.json or /Users/jkpancho/Library/Caches/org.scalameta.metals/bsp.trace.json
2023.09.23 14:53:20 INFO  Attempting to connect to the build server...
2023.09.23 14:53:20 INFO  Bloop uses /opt/local/sdkman/candidates/java/current defined at /Users/jkpancho/.bloop/bloop.json
2023.09.23 14:53:20 INFO  Attempting to connect to the build server...
2023.09.23 14:53:20 INFO  Bloop uses /opt/local/sdkman/candidates/java/current defined at /Users/jkpancho/.bloop/bloop.json
2023.09.23 14:53:20 INFO  tracing is disabled for protocol BSP, to enable tracing of incoming and outgoing JSON messages create an empty file at /Users/jkpancho/Downloads/jkpancho-homework-09222023/project/project/.metals/bsp.trace.json or /Users/jkpancho/Library/Caches/org.scalameta.metals/bsp.trace.json
2023.09.23 14:53:20 INFO  tracing is disabled for protocol BSP, to enable tracing of incoming and outgoing JSON messages create an empty file at /Users/jkpancho/Downloads/jkpancho-homework-09222023/project/.metals/bsp.trace.json or /Users/jkpancho/Library/Caches/org.scalameta.metals/bsp.trace.json
2023.09.23 14:53:20 INFO  time: Connected to build server in 0.22s
2023.09.23 14:53:20 INFO  Connected to Build server: Bloop v1.5.8
2023.09.23 14:53:20 INFO  time: Imported build in 0.14s
2023.09.23 14:53:26 INFO  time: indexed workspace in 5.4s
2023.09.23 14:53:26 WARN  no build target for: /Users/jkpancho/Downloads/jkpancho-homework-09222023/build.sc
2023.09.23 14:53:33 INFO  compiling root-test (1 scala source)
2023.09.23 14:53:33 INFO  time: compiled root-test in 7ms
2023.09.23 14:53:38 INFO  compiling root (1 scala source)
2023.09.23 14:53:43 INFO  time: compiled root in 4.51s
Sep 23, 2023 2:53:51 PM org.eclipse.lsp4j.jsonrpc.RemoteEndpoint handleCancellation
WARNING: Unmatched cancel notification for request id 1844
2023.09.23 14:54:17 INFO  compiling root (1 scala source)
2023.09.23 14:54:18 INFO  time: compiled root in 1.48s
2023.09.23 14:54:19 WARN  Could not load snapshot text for /Users/jkpancho/Downloads/jkpancho-homework-09222023/app/models/queries/Queries.scala
2023.09.23 14:54:26 WARN  Could not load snapshot text for /Users/jkpancho/Downloads/jkpancho-homework-09222023/app/models/queries/Queries.scala
2023.09.23 14:54:26 WARN  Could not load snapshot text for /Users/jkpancho/Downloads/jkpancho-homework-09222023/app/models/queries/Queries.scala
2023.09.23 14:54:29 WARN  Could not load snapshot text for /Users/jkpancho/Downloads/jkpancho-homework-09222023/app/models/queries/Queries.scala
2023.09.23 14:54:29 INFO  compiling root (1 scala source)
2023.09.23 14:54:39 INFO  time: compiled root in 9.99s
2023.09.23 14:55:54 INFO  compiling root (1 scala source)
2023.09.23 14:56:00 INFO  time: compiled root in 6.12s
Sep 23, 2023 2:57:14 PM org.eclipse.lsp4j.jsonrpc.RemoteEndpoint handleCancellation
WARNING: Unmatched cancel notification for request id 2025
Sep 23, 2023 2:57:34 PM org.eclipse.lsp4j.jsonrpc.RemoteEndpoint handleCancellation
WARNING: Unmatched cancel notification for request id 2093
2023.09.23 14:57:43 INFO  compiling root (1 scala source)
2023.09.23 14:57:45 INFO  time: compiled root in 2.09s
2023.09.23 14:58:00 INFO  compiling root (1 scala source)
2023.09.23 14:58:02 INFO  time: compiled root in 2s
2023.09.23 14:58:16 INFO  compiling root (1 scala source)
2023.09.23 14:58:16 INFO  time: compiled root in 0.97s
2023.09.23 14:58:25 INFO  compiling root (1 scala source)
2023.09.23 14:58:27 INFO  time: compiled root in 1.24s
2023.09.23 14:58:40 INFO  compiling root (1 scala source)
2023.09.23 14:58:40 INFO  time: compiled root in 0.94s
2023.09.23 14:59:10 INFO  compiling root (1 scala source)
2023.09.23 14:59:11 INFO  time: compiled root in 1.05s
2023.09.23 14:59:11 INFO  compiling root (1 scala source)
2023.09.23 14:59:12 INFO  time: compiled root in 0.48s
2023.09.23 14:59:12 INFO  compiling root (1 scala source)
2023.09.23 14:59:15 INFO  time: compiled root in 2.71s
2023.09.23 14:59:15 INFO  compiling root (1 scala source)
2023.09.23 14:59:15 INFO  time: compiled root in 0.45s
2023.09.23 14:59:40 INFO  compiling root (1 scala source)
2023.09.23 14:59:41 INFO  time: compiled root in 1s
2023.09.23 15:00:04 INFO  compiling root (2 scala sources)
2023.09.23 15:00:06 INFO  time: compiled root in 1.44s
2023.09.23 15:00:17 INFO  compiling root (2 scala sources)
2023.09.23 15:00:19 INFO  time: compiled root in 2.05s
2023.09.23 15:00:19 INFO  compiling root (2 scala sources)
2023.09.23 15:00:20 INFO  time: compiled root in 1.12s
2023.09.23 15:00:38 INFO  compiling root (2 scala sources)
2023.09.23 15:00:38 INFO  time: compiled root in 0.64s
2023.09.23 15:01:05 INFO  compiling root (2 scala sources)
2023.09.23 15:01:07 INFO  time: compiled root in 1.57s
2023.09.23 15:01:43 INFO  compiling root (2 scala sources)
2023.09.23 15:01:44 INFO  time: compiled root in 1.42s
2023.09.23 15:02:18 INFO  compiling root (2 scala sources)
2023.09.23 15:02:19 INFO  time: compiled root in 1.27s
Sep 23, 2023 3:03:59 PM org.eclipse.lsp4j.jsonrpc.RemoteEndpoint handleCancellation
WARNING: Unmatched cancel notification for request id 2769
Sep 23, 2023 3:04:01 PM org.eclipse.lsp4j.jsonrpc.RemoteEndpoint handleCancellation
WARNING: Unmatched cancel notification for request id 2773
2023.09.23 15:04:01 INFO  compiling root (2 scala sources)
2023.09.23 15:04:05 INFO  time: compiled root in 4.09s
Sep 23, 2023 3:04:08 PM org.eclipse.lsp4j.jsonrpc.RemoteEndpoint handleCancellation
WARNING: Unmatched cancel notification for request id 2788
2023.09.23 15:04:54 INFO  compiling root (2 scala sources)
2023.09.23 15:04:59 INFO  time: compiled root in 4.53s
2023.09.23 15:04:59 INFO  compiling root (1 scala source)
2023.09.23 15:05:03 INFO  time: compiled root in 4.29s
2023.09.23 15:05:29 INFO  compiling root (3 scala sources)
2023.09.23 15:05:42 INFO  time: compiled root in 12s
Sep 23, 2023 3:06:20 PM org.eclipse.lsp4j.jsonrpc.services.GenericEndpoint notify
INFO: Unsupported notification method: $/setTrace
